[2025-07-13 12:06:43] [INFO    ] discord.client: logging in using static token
[2025-07-13 12:06:43] [DEBUG   ] discord.http: GET https://discord.com/api/v10/users/@me with None has returned 200
[2025-07-13 12:06:43] [DEBUG   ] discord.http: GET /users/@me has found its initial rate limit bucket hash (78bb8553d9352a5a2f89f9def401287a).
[2025-07-13 12:06:43] [DEBUG   ] discord.http: GET https://discord.com/api/v10/users/@me has received {'id': '1392519844561424595', 'username': '社会信用观察员', 'avatar': '4d81406773c75aef5d81092f3f665558', 'discriminator': '1943', 'public_flags': 0, 'flags': 0, 'bot': True, 'banner': 'd47717993e2f16717c8aec1149af5ba9', 'accent_color': None, 'global_name': None, 'avatar_decoration_data': None, 'collectibles': None, 'display_name_styles': None, 'banner_color': None, 'clan': None, 'primary_guild': None, 'mfa_enabled': False, 'locale': 'en-US', 'premium_type': 0, 'email': None, 'verified': True, 'bio': ''}
[2025-07-13 12:06:43] [DEBUG   ] discord.http: GET https://discord.com/api/v10/oauth2/applications/@me with None has returned 200
[2025-07-13 12:06:43] [DEBUG   ] discord.http: GET /oauth2/applications/@me has found its initial rate limit bucket hash (d28a133af187e91d71d96a223467ce49).
[2025-07-13 12:06:43] [DEBUG   ] discord.http: GET https://discord.com/api/v10/oauth2/applications/@me has received {'id': '1392519844561424595', 'name': 'Social Credit Bot', 'icon': '4d81406773c75aef5d81092f3f665558', 'description': '我会全程跟踪，严格执行我们伟大领袖习近平的法律。我会确保法律得到严格执行。伟大领袖，请您放心！', 'type': None, 'bot': {'id': '1392519844561424595', 'username': '社会信用观察员', 'avatar': '4d81406773c75aef5d81092f3f665558', 'discriminator': '1943', 'public_flags': 0, 'flags': 0, 'bot': True, 'banner': 'd47717993e2f16717c8aec1149af5ba9', 'accent_color': None, 'global_name': None, 'avatar_decoration_data': None, 'collectibles': None, 'display_name_styles': None, 'banner_color': None, 'clan': None, 'primary_guild': None}, 'summary': '', 'is_monetized': False, 'is_verified': False, 'is_discoverable': False, 'bot_public': True, 'bot_require_code_grant': False, 'install_params': {'scopes': ['applications.commands'], 'permissions': '0'}, 'integration_types_config': {'0': {'oauth2_install_params': {'scopes': ['applications.commands'], 'permissions': '0'}}, '1': {'oauth2_install_params': {'scopes': ['applications.commands'], 'permissions': '0'}}}, 'verify_key': 'a99722d463590374e58d25b3a694e04a590b5756286b161f030eb6d0c073caf2', 'flags': 557056, 'hook': True, 'storefront_available': False, 'redirect_uris': [], 'interactions_endpoint_url': None, 'role_connections_verification_url': None, 'owner': {'id': '755479058007195769', 'username': 'dustopolis1984', 'avatar': '392b9417e560b203dbb6b5978ae0a8c7', 'discriminator': '0', 'public_flags': 0, 'flags': 0, 'banner': None, 'accent_color': None, 'global_name': 'nobody fw me', 'avatar_decoration_data': None, 'collectibles': None, 'display_name_styles': None, 'banner_color': None, 'clan': None, 'primary_guild': None}, 'approximate_guild_count': 1, 'approximate_user_install_count': 0, 'approximate_user_authorization_count': 0, 'interactions_event_types': [], 'interactions_version': 1, 'explicit_content_filter': 0, 'rpc_application_state': 0, 'store_application_state': 1, 'verification_state': 1, 'integration_public': True, 'integration_require_code_grant': False, 'discoverability_state': 1, 'discovery_eligibility_flags': 228, 'monetization_state': 1, 'verification_eligibility_flags': 91036, 'monetization_eligibility_flags': 181988, 'team': None, 'internal_guild_restriction': 2, 'approved_consoles': []}
[2025-07-13 12:06:44] [DEBUG   ] discord.gateway: Created websocket connected to wss://gateway.discord.gg/
[2025-07-13 12:06:44] [DEBUG   ] discord.gateway: For Shard ID None: WebSocket Event: {'t': None, 's': None, 'op': 10, 'd': {'heartbeat_interval': 41250, '_trace': ['["gateway-prd-us-east1-c-271b",{"micros":0.0}]']}}
[2025-07-13 12:06:44] [DEBUG   ] discord.gateway: Shard ID None has sent the IDENTIFY payload.
[2025-07-13 12:06:44] [DEBUG   ] discord.gateway: For Shard ID None: WebSocket Event: {'t': None, 's': None, 'op': 11, 'd': None}
[2025-07-13 12:06:44] [DEBUG   ] discord.gateway: For Shard ID None: WebSocket Event: {'t': 'READY', 's': 1, 'op': 0, 'd': {'v': 10, 'user_settings': {}, 'user': {'verified': True, 'username': '社会信用观察员', 'primary_guild': None, 'mfa_enabled': False, 'id': '1392519844561424595', 'global_name': None, 'flags': 0, 'email': None, 'discriminator': '1943', 'clan': None, 'bot': True, 'avatar': '4d81406773c75aef5d81092f3f665558'}, 'session_type': 'normal', 'session_id': '0f03cce4961ba8962dc92efdeb497ac8', 'resume_gateway_url': 'wss://gateway-us-east1-c.discord.gg', 'relationships': [], 'private_channels': [], 'presences': [], 'guilds': [{'unavailable': True, 'id': '1392522207011405945'}], 'guild_join_requests': [], 'geo_ordered_rtc_regions': ['us-east', 'newark', 'atlanta', 'us-central', 'us-south'], 'game_relationships': [], 'auth': {}, 'application': {'id': '1392519844561424595', 'flags': 557056}, '_trace': ['["gateway-prd-us-east1-c-271b",{"micros":89592,"calls":["id_created",{"micros":584,"calls":[]},"session_lookup_time",{"micros":350,"calls":[]},"session_lookup_finished",{"micros":21,"calls":[]},"discord-sessions-prd-2-20",{"micros":88235,"calls":["start_session",{"micros":71459,"calls":["discord-api-rpc-6b8c679576-prcg9",{"micros":51436,"calls":["get_user",{"micros":6062},"get_guilds",{"micros":6740},"send_scheduled_deletion_message",{"micros":13},"guild_join_requests",{"micros":3},"authorized_ip_coro",{"micros":11},"pending_payments",{"micros":6918},"apex_experiments",{"micros":2363},"user_activities",{"micros":5},"played_application_ids",{"micros":3}]}]},"starting_guild_connect",{"micros":40,"calls":[]},"presence_started",{"micros":7129,"calls":[]},"guilds_started",{"micros":65,"calls":[]},"lobbies_started",{"micros":1,"calls":[]},"guilds_connect",{"micros":1,"calls":[]},"presence_connect",{"micros":9523,"calls":[]},"connect_finished",{"micros":9526,"calls":[]},"build_ready",{"micros":13,"calls":[]},"clean_ready",{"micros":0,"calls":[]},"optimize_ready",{"micros":1,"calls":[]},"split_ready",{"micros":0,"calls":[]}]}]}]']}}
[2025-07-13 12:06:44] [DEBUG   ] discord.client: Dispatching event socket_event_type
[2025-07-13 12:06:44] [INFO    ] discord.gateway: Shard ID None has connected to Gateway (Session ID: 0f03cce4961ba8962dc92efdeb497ac8).
[2025-07-13 12:06:44] [DEBUG   ] discord.client: Dispatching event connect
[2025-07-13 12:06:44] [DEBUG   ] discord.gateway: For Shard ID None: WebSocket Event: {'t': 'GUILD_CREATE', 's': 2, 'op': 0, 'd': {'nsfw_level': 0, 'features': [], 'incidents_data': None, 'latest_onboarding_question_id': None, 'moderator_reporting': None, 'premium_features': None, 'discovery_splash': None, 'afk_timeout': 300, 'profile': None, 'members': [{'user': {'username': '社会信用观察员', 'public_flags': 0, 'primary_guild': None, 'id': '1392519844561424595', 'global_name': None, 'display_name': None, 'discriminator': '1943', 'collectibles': None, 'bot': True, 'avatar_decoration_data': None, 'avatar': '4d81406773c75aef5d81092f3f665558'}, 'roles': ['1392522545697263680'], 'premium_since': None, 'pending': False, 'nick': None, 'mute': False, 'joined_at': '2025-07-09T15:07:26.802000+00:00', 'flags': 0, 'deaf': False, 'communication_disabled_until': None, 'banner': None, 'avatar': None}], 'soundboard_sounds': [], 'id': '1392522207011405945', 'emojis': [], 'application_id': None, 'name': "nobody fw me's server", 'roles': [{'version': 1752073566129, 'unicode_emoji': None, 'tags': {}, 'position': 0, 'permissions': '2248473465835073', 'name': '@everyone', 'mentionable': False, 'managed': False, 'id': '1392522207011405945', 'icon': None, 'hoist': False, 'flags': 0, 'colors': {'tertiary_color': None, 'secondary_color': None, 'primary_color': 0}, 'color': 0}, {'version': 1752073646778, 'unicode_emoji': None, 'tags': {'bot_id': '1392519844561424595'}, 'position': 1, 'permissions': '563276371323968', 'name': 'social_credit_bot', 'mentionable': False, 'managed': True, 'id': '1392522545697263680', 'icon': None, 'hoist': False, 'flags': 0, 'colors': {'tertiary_color': None, 'secondary_color': None, 'primary_color': 0}, 'color': 0}], 'premium_progress_bar_enabled': False, 'voice_states': [], 'owner_configured_content_level': 0, 'threads': [], 'default_message_notifications': 0, 'safety_alerts_channel_id': None, 'stickers': [], 'activity_instances': [], 'channels': [{'version': 1752073566146, 'type': 4, 'position': 0, 'permission_overwrites': [], 'name': 'Text Channels', 'id': '1392522207770578974', 'flags': 0}, {'version': 1752073566151, 'type': 4, 'position': 0, 'permission_overwrites': [], 'name': 'Voice Channels', 'id': '1392522207770578975', 'flags': 0}, {'version': 1752073566158, 'type': 0, 'topic': None, 'rate_limit_per_user': 0, 'position': 0, 'permission_overwrites': [], 'parent_id': '1392522207770578974', 'name': 'general', 'last_message_id': '1393986730805166252', 'id': '1392522207770578976', 'icon_emoji': {'name': '👋', 'id': None}, 'flags': 0}, {'version': 1752073566165, 'user_limit': 0, 'type': 2, 'rtc_region': None, 'rate_limit_per_user': 0, 'position': 0, 'permission_overwrites': [], 'parent_id': '1392522207770578975', 'name': 'General', 'last_message_id': None, 'id': '1392522207770578977', 'icon_emoji': {'name': '🎙', 'id': None}, 'flags': 0, 'bitrate': 64000}], 'preferred_locale': 'en-US', 'premium_subscription_count': 0, 'description': None, 'premium_tier': 0, 'unavailable': False, 'region': 'deprecated', 'member_count': 2, 'guild_scheduled_events': [], 'banner': None, 'explicit_content_filter': 0, 'hub_type': None, 'stage_instances': [], 'joined_at': '2025-07-09T15:07:26.802000+00:00', 'rules_channel_id': None, 'verification_level': 0, 'public_updates_channel_id': None, 'max_stage_video_channel_users': 50, 'max_video_channel_users': 25, 'inventory_settings': None, 'vanity_url_code': None, 'max_members': 2500000, 'home_header': None, 'splash': None, 'icon': '81af74a18185fd17a5ab45c4dc1358fd', 'presences': [], 'system_channel_id': '1392522207770578976', 'afk_channel_id': None, 'large': False, 'embedded_activities': [], 'lazy': True, 'owner_id': '755479058007195769', 'version': 1752160783465, 'application_command_counts': {}, 'mfa_level': 0, 'system_channel_flags': 0, 'nsfw': False}}
[2025-07-13 12:06:44] [DEBUG   ] discord.client: Dispatching event socket_event_type
[2025-07-13 12:06:44] [DEBUG   ] discord.gateway: For Shard ID None: WebSocket Event: {'t': 'GUILD_MEMBERS_CHUNK', 's': 3, 'op': 0, 'd': {'nonce': '69938bd0cc65d2d27569eed46fa05209', 'members': [{'user': {'username': 'dustopolis1984', 'public_flags': 0, 'primary_guild': None, 'id': '755479058007195769', 'global_name': 'nobody fw me', 'display_name': 'nobody fw me', 'discriminator': '0', 'collectibles': None, 'bot': False, 'avatar_decoration_data': None, 'avatar': '392b9417e560b203dbb6b5978ae0a8c7'}, 'roles': [], 'premium_since': None, 'pending': False, 'nick': None, 'mute': False, 'joined_at': '2025-07-09T15:06:06.075000+00:00', 'flags': 0, 'deaf': False, 'communication_disabled_until': None, 'banner': None, 'avatar': None}, {'user': {'username': '社会信用观察员', 'public_flags': 0, 'primary_guild': None, 'id': '1392519844561424595', 'global_name': None, 'display_name': None, 'discriminator': '1943', 'collectibles': None, 'bot': True, 'avatar_decoration_data': None, 'avatar': '4d81406773c75aef5d81092f3f665558'}, 'roles': ['1392522545697263680'], 'premium_since': None, 'pending': False, 'nick': None, 'mute': False, 'joined_at': '2025-07-09T15:07:26.802000+00:00', 'flags': 0, 'deaf': False, 'communication_disabled_until': None, 'banner': None, 'avatar': None}], 'guild_id': '1392522207011405945', 'chunk_index': 0, 'chunk_count': 1}}
[2025-07-13 12:06:44] [DEBUG   ] discord.client: Dispatching event socket_event_type
[2025-07-13 12:06:44] [DEBUG   ] discord.state: Processed a chunk for 2 members in guild ID 1392522207011405945.
[2025-07-13 12:06:46] [DEBUG   ] discord.client: Dispatching event guild_available
[2025-07-13 12:06:46] [DEBUG   ] discord.client: Dispatching event ready
[2025-07-13 12:06:56] [DEBUG   ] discord.gateway: For Shard ID None: WebSocket Event: {'t': 'TYPING_START', 's': 4, 'op': 0, 'd': {'user_id': '755479058007195769', 'timestamp': 1752422816, 'member': {'user': {'username': 'dustopolis1984', 'public_flags': 0, 'primary_guild': None, 'id': '755479058007195769', 'global_name': 'nobody fw me', 'display_name': 'nobody fw me', 'discriminator': '0', 'collectibles': None, 'bot': False, 'avatar_decoration_data': None, 'avatar': '392b9417e560b203dbb6b5978ae0a8c7'}, 'roles': [], 'premium_since': None, 'pending': False, 'nick': None, 'mute': False, 'joined_at': '2025-07-09T15:06:06.075000+00:00', 'flags': 0, 'deaf': False, 'communication_disabled_until': None, 'banner': None, 'avatar': None}, 'channel_id': '1392522207770578976', 'guild_id': '1392522207011405945'}}
[2025-07-13 12:06:56] [DEBUG   ] discord.client: Dispatching event socket_event_type
[2025-07-13 12:06:56] [DEBUG   ] discord.client: Dispatching event typing
[2025-07-13 12:06:56] [DEBUG   ] discord.client: Dispatching event raw_typing
[2025-07-13 12:06:56] [DEBUG   ] discord.gateway: For Shard ID None: WebSocket Event: {'t': 'MESSAGE_CREATE', 's': 5, 'op': 0, 'd': {'type': 0, 'tts': False, 'timestamp': '2025-07-13T16:06:56.068000+00:00', 'pinned': False, 'nonce': '1393987067330953216', 'mentions': [], 'mention_roles': [], 'mention_everyone': False, 'member': {'roles': [], 'premium_since': None, 'pending': False, 'nick': None, 'mute': False, 'joined_at': '2025-07-09T15:06:06.075000+00:00', 'flags': 0, 'deaf': False, 'communication_disabled_until': None, 'banner': None, 'avatar': None}, 'id': '1393987068123676834', 'flags': 0, 'embeds': [], 'edited_timestamp': None, 'content': '!hello', 'components': [], 'channel_type': 0, 'channel_id': '1392522207770578976', 'author': {'username': 'dustopolis1984', 'public_flags': 0, 'primary_guild': None, 'id': '755479058007195769', 'global_name': 'nobody fw me', 'display_name_styles': None, 'discriminator': '0', 'collectibles': None, 'clan': None, 'avatar_decoration_data': None, 'avatar': '392b9417e560b203dbb6b5978ae0a8c7'}, 'attachments': [], 'guild_id': '1392522207011405945'}}
[2025-07-13 12:06:56] [DEBUG   ] discord.client: Dispatching event socket_event_type
[2025-07-13 12:06:56] [DEBUG   ] discord.client: Dispatching event message
[2025-07-13 12:06:56] [DEBUG   ] discord.client: Dispatching event command
[2025-07-13 12:06:56] [DEBUG   ] discord.gateway: For Shard ID None: WebSocket Event: {'t': 'MESSAGE_CREATE', 's': 6, 'op': 0, 'd': {'type': 0, 'tts': False, 'timestamp': '2025-07-13T16:06:56.277000+00:00', 'pinned': False, 'nonce': '15394320053148076242', 'mentions': [], 'mention_roles': [], 'mention_everyone': False, 'member': {'roles': ['1392522545697263680'], 'premium_since': None, 'pending': False, 'nick': None, 'mute': False, 'joined_at': '2025-07-09T15:07:26.802000+00:00', 'flags': 0, 'deaf': False, 'communication_disabled_until': None, 'banner': None, 'avatar': None}, 'id': '1393987069000548443', 'flags': 0, 'embeds': [], 'edited_timestamp': None, 'content': 'Hello, dustopolis1984 我一直在看，你好!', 'components': [], 'channel_type': 0, 'channel_id': '1392522207770578976', 'author': {'username': '社会信用观察员', 'public_flags': 0, 'primary_guild': None, 'id': '1392519844561424595', 'global_name': None, 'display_name_styles': None, 'discriminator': '1943', 'collectibles': None, 'clan': None, 'bot': True, 'avatar_decoration_data': None, 'avatar': '4d81406773c75aef5d81092f3f665558'}, 'attachments': [], 'guild_id': '1392522207011405945'}}
[2025-07-13 12:06:56] [DEBUG   ] discord.client: Dispatching event socket_event_type
[2025-07-13 12:06:56] [DEBUG   ] discord.client: Dispatching event message
[2025-07-13 12:06:56] [DEBUG   ] discord.http: POST https://discord.com/api/v10/channels/1392522207770578976/messages with {"content":"Hello, dustopolis1984 \u6211\u4e00\u76f4\u5728\u770b\uff0c\u4f60\u597d!","components":[],"nonce":"15394320053148076242","enforce_nonce":true,"tts":false} has returned 200
[2025-07-13 12:06:56] [DEBUG   ] discord.http: POST /channels/{channel_id}/messages has found its initial rate limit bucket hash (3df15bae86f6647dd4dfcbd5c6949480).
[2025-07-13 12:06:56] [DEBUG   ] discord.http: POST https://discord.com/api/v10/channels/1392522207770578976/messages has received {'type': 0, 'content': 'Hello, dustopolis1984 我一直在看，你好!', 'mentions': [], 'mention_roles': [], 'attachments': [], 'embeds': [], 'timestamp': '2025-07-13T16:06:56.277000+00:00', 'edited_timestamp': None, 'flags': 0, 'components': [], 'id': '1393987069000548443', 'channel_id': '1392522207770578976', 'author': {'id': '1392519844561424595', 'username': '社会信用观察员', 'avatar': '4d81406773c75aef5d81092f3f665558', 'discriminator': '1943', 'public_flags': 0, 'flags': 0, 'bot': True, 'banner': 'd47717993e2f16717c8aec1149af5ba9', 'accent_color': None, 'global_name': None, 'avatar_decoration_data': None, 'collectibles': None, 'display_name_styles': None, 'banner_color': None, 'clan': None, 'primary_guild': None}, 'pinned': False, 'mention_everyone': False, 'tts': False, 'nonce': '15394320053148076242'}
[2025-07-13 12:06:56] [DEBUG   ] discord.client: Dispatching event command_completion
[2025-07-13 12:06:59] [DEBUG   ] discord.gateway: For Shard ID None: WebSocket Event: {'t': 'TYPING_START', 's': 7, 'op': 0, 'd': {'user_id': '755479058007195769', 'timestamp': 1752422819, 'member': {'user': {'username': 'dustopolis1984', 'public_flags': 0, 'primary_guild': None, 'id': '755479058007195769', 'global_name': 'nobody fw me', 'display_name': 'nobody fw me', 'discriminator': '0', 'collectibles': None, 'bot': False, 'avatar_decoration_data': None, 'avatar': '392b9417e560b203dbb6b5978ae0a8c7'}, 'roles': [], 'premium_since': None, 'pending': False, 'nick': None, 'mute': False, 'joined_at': '2025-07-09T15:06:06.075000+00:00', 'flags': 0, 'deaf': False, 'communication_disabled_until': None, 'banner': None, 'avatar': None}, 'channel_id': '1392522207770578976', 'guild_id': '1392522207011405945'}}
[2025-07-13 12:06:59] [DEBUG   ] discord.client: Dispatching event socket_event_type
[2025-07-13 12:06:59] [DEBUG   ] discord.client: Dispatching event typing
[2025-07-13 12:06:59] [DEBUG   ] discord.client: Dispatching event raw_typing
[2025-07-13 12:06:59] [DEBUG   ] discord.gateway: For Shard ID None: WebSocket Event: {'t': 'MESSAGE_CREATE', 's': 8, 'op': 0, 'd': {'type': 0, 'tts': False, 'timestamp': '2025-07-13T16:06:59.413000+00:00', 'pinned': False, 'nonce': '1393987081809690624', 'mentions': [], 'mention_roles': [], 'mention_everyone': False, 'member': {'roles': [], 'premium_since': None, 'pending': False, 'nick': None, 'mute': False, 'joined_at': '2025-07-09T15:06:06.075000+00:00', 'flags': 0, 'deaf': False, 'communication_disabled_until': None, 'banner': None, 'avatar': None}, 'id': '1393987082153627748', 'flags': 0, 'embeds': [], 'edited_timestamp': None, 'content': '!points', 'components': [], 'channel_type': 0, 'channel_id': '1392522207770578976', 'author': {'username': 'dustopolis1984', 'public_flags': 0, 'primary_guild': None, 'id': '755479058007195769', 'global_name': 'nobody fw me', 'display_name_styles': None, 'discriminator': '0', 'collectibles': None, 'clan': None, 'avatar_decoration_data': None, 'avatar': '392b9417e560b203dbb6b5978ae0a8c7'}, 'attachments': [], 'guild_id': '1392522207011405945'}}
[2025-07-13 12:06:59] [DEBUG   ] discord.client: Dispatching event socket_event_type
[2025-07-13 12:06:59] [DEBUG   ] discord.client: Dispatching event message
[2025-07-13 12:06:59] [DEBUG   ] discord.client: Dispatching event command
[2025-07-13 12:06:59] [DEBUG   ] discord.gateway: For Shard ID None: WebSocket Event: {'t': 'MESSAGE_CREATE', 's': 9, 'op': 0, 'd': {'type': 0, 'tts': False, 'timestamp': '2025-07-13T16:06:59.755000+00:00', 'pinned': False, 'nonce': '4687629522288201739', 'mentions': [], 'mention_roles': [], 'mention_everyone': False, 'member': {'roles': ['1392522545697263680'], 'premium_since': None, 'pending': False, 'nick': None, 'mute': False, 'joined_at': '2025-07-09T15:07:26.802000+00:00', 'flags': 0, 'deaf': False, 'communication_disabled_until': None, 'banner': None, 'avatar': None}, 'id': '1393987083588075661', 'flags': 0, 'embeds': [], 'edited_timestamp': None, 'content': "**dustopolis1984's Social Credit Rating**\nSocial Credit Score: **11**\nStatus: **Worthless**", 'components': [], 'channel_type': 0, 'channel_id': '1392522207770578976', 'author': {'username': '社会信用观察员', 'public_flags': 0, 'primary_guild': None, 'id': '1392519844561424595', 'global_name': None, 'display_name_styles': None, 'discriminator': '1943', 'collectibles': None, 'clan': None, 'bot': True, 'avatar_decoration_data': None, 'avatar': '4d81406773c75aef5d81092f3f665558'}, 'attachments': [], 'guild_id': '1392522207011405945'}}
[2025-07-13 12:06:59] [DEBUG   ] discord.client: Dispatching event socket_event_type
[2025-07-13 12:06:59] [DEBUG   ] discord.client: Dispatching event message
[2025-07-13 12:06:59] [DEBUG   ] discord.http: POST https://discord.com/api/v10/channels/1392522207770578976/messages with {"content":"**dustopolis1984's Social Credit Rating**\nSocial Credit Score: **11**\nStatus: **Worthless**\n","components":[],"nonce":"4687629522288201739","enforce_nonce":true,"tts":false} has returned 200
[2025-07-13 12:06:59] [DEBUG   ] discord.http: POST https://discord.com/api/v10/channels/1392522207770578976/messages has received {'type': 0, 'content': "**dustopolis1984's Social Credit Rating**\nSocial Credit Score: **11**\nStatus: **Worthless**", 'mentions': [], 'mention_roles': [], 'attachments': [], 'embeds': [], 'timestamp': '2025-07-13T16:06:59.755000+00:00', 'edited_timestamp': None, 'flags': 0, 'components': [], 'id': '1393987083588075661', 'channel_id': '1392522207770578976', 'author': {'id': '1392519844561424595', 'username': '社会信用观察员', 'avatar': '4d81406773c75aef5d81092f3f665558', 'discriminator': '1943', 'public_flags': 0, 'flags': 0, 'bot': True, 'banner': 'd47717993e2f16717c8aec1149af5ba9', 'accent_color': None, 'global_name': None, 'avatar_decoration_data': None, 'collectibles': None, 'display_name_styles': None, 'banner_color': None, 'clan': None, 'primary_guild': None}, 'pinned': False, 'mention_everyone': False, 'tts': False, 'nonce': '4687629522288201739'}
[2025-07-13 12:06:59] [DEBUG   ] discord.client: Dispatching event command_completion
[2025-07-13 12:06:59] [ERROR   ] discord.client: Ignoring exception in on_message
Traceback (most recent call last):
  File "C:\Users\dlb48\Desktop\discord_bot1\.venv\Lib\site-packages\discord\client.py", line 481, in _run_event
    await coro(*args, **kwargs)
  File "C:\Users\dlb48\Desktop\discord_bot1\main.py", line 121, in on_message
    @bot.command(name="leaderboard")
     ~~~~~~~~~~~^^^^^^^^^^^^^^^^^^^^
  File "C:\Users\dlb48\Desktop\discord_bot1\.venv\Lib\site-packages\discord\ext\commands\core.py", line 1521, in decorator
    self.add_command(result)
    ~~~~~~~~~~~~~~~~^^^^^^^^
  File "C:\Users\dlb48\Desktop\discord_bot1\.venv\Lib\site-packages\discord\ext\commands\bot.py", line 253, in add_command
    super().add_command(command)
    ~~~~~~~~~~~~~~~~~~~^^^^^^^^^
  File "C:\Users\dlb48\Desktop\discord_bot1\.venv\Lib\site-packages\discord\ext\commands\core.py", line 1356, in add_command
    raise CommandRegistrationError(command.name)
discord.ext.commands.errors.CommandRegistrationError: The command leaderboard is already an existing command or alias.
[2025-07-13 12:07:04] [DEBUG   ] discord.gateway: For Shard ID None: WebSocket Event: {'t': 'TYPING_START', 's': 10, 'op': 0, 'd': {'user_id': '755479058007195769', 'timestamp': 1752422823, 'member': {'user': {'username': 'dustopolis1984', 'public_flags': 0, 'primary_guild': None, 'id': '755479058007195769', 'global_name': 'nobody fw me', 'display_name': 'nobody fw me', 'discriminator': '0', 'collectibles': None, 'bot': False, 'avatar_decoration_data': None, 'avatar': '392b9417e560b203dbb6b5978ae0a8c7'}, 'roles': [], 'premium_since': None, 'pending': False, 'nick': None, 'mute': False, 'joined_at': '2025-07-09T15:06:06.075000+00:00', 'flags': 0, 'deaf': False, 'communication_disabled_until': None, 'banner': None, 'avatar': None}, 'channel_id': '1392522207770578976', 'guild_id': '1392522207011405945'}}
[2025-07-13 12:07:04] [DEBUG   ] discord.client: Dispatching event socket_event_type
[2025-07-13 12:07:04] [DEBUG   ] discord.client: Dispatching event typing
[2025-07-13 12:07:04] [DEBUG   ] discord.client: Dispatching event raw_typing
[2025-07-13 12:07:04] [DEBUG   ] discord.gateway: For Shard ID None: WebSocket Event: {'t': 'MESSAGE_CREATE', 's': 11, 'op': 0, 'd': {'type': 0, 'tts': False, 'timestamp': '2025-07-13T16:07:04.715000+00:00', 'pinned': False, 'nonce': '1393987102714101760', 'mentions': [], 'mention_roles': [], 'mention_everyone': False, 'member': {'roles': [], 'premium_since': None, 'pending': False, 'nick': None, 'mute': False, 'joined_at': '2025-07-09T15:06:06.075000+00:00', 'flags': 0, 'deaf': False, 'communication_disabled_until': None, 'banner': None, 'avatar': None}, 'id': '1393987104392089751', 'flags': 0, 'embeds': [], 'edited_timestamp': None, 'content': '❤️', 'components': [], 'channel_type': 0, 'channel_id': '1392522207770578976', 'author': {'username': 'dustopolis1984', 'public_flags': 0, 'primary_guild': None, 'id': '755479058007195769', 'global_name': 'nobody fw me', 'display_name_styles': None, 'discriminator': '0', 'collectibles': None, 'clan': None, 'avatar_decoration_data': None, 'avatar': '392b9417e560b203dbb6b5978ae0a8c7'}, 'attachments': [], 'guild_id': '1392522207011405945'}}
[2025-07-13 12:07:04] [DEBUG   ] discord.client: Dispatching event socket_event_type
[2025-07-13 12:07:04] [DEBUG   ] discord.client: Dispatching event message
[2025-07-13 12:07:04] [ERROR   ] discord.client: Ignoring exception in on_message
Traceback (most recent call last):
  File "C:\Users\dlb48\Desktop\discord_bot1\.venv\Lib\site-packages\discord\client.py", line 481, in _run_event
    await coro(*args, **kwargs)
  File "C:\Users\dlb48\Desktop\discord_bot1\main.py", line 121, in on_message
    @bot.command(name="leaderboard")
     ~~~~~~~~~~~^^^^^^^^^^^^^^^^^^^^
  File "C:\Users\dlb48\Desktop\discord_bot1\.venv\Lib\site-packages\discord\ext\commands\core.py", line 1521, in decorator
    self.add_command(result)
    ~~~~~~~~~~~~~~~~^^^^^^^^
  File "C:\Users\dlb48\Desktop\discord_bot1\.venv\Lib\site-packages\discord\ext\commands\bot.py", line 253, in add_command
    super().add_command(command)
    ~~~~~~~~~~~~~~~~~~~^^^^^^^^^
  File "C:\Users\dlb48\Desktop\discord_bot1\.venv\Lib\site-packages\discord\ext\commands\core.py", line 1356, in add_command
    raise CommandRegistrationError(command.name)
discord.ext.commands.errors.CommandRegistrationError: The command leaderboard is already an existing command or alias.
[2025-07-13 12:07:07] [DEBUG   ] discord.gateway: For Shard ID None: WebSocket Event: {'t': 'MESSAGE_CREATE', 's': 12, 'op': 0, 'd': {'type': 0, 'tts': False, 'timestamp': '2025-07-13T16:07:07.286000+00:00', 'pinned': False, 'nonce': '1393987114751754240', 'mentions': [], 'mention_roles': [], 'mention_everyone': False, 'member': {'roles': [], 'premium_since': None, 'pending': False, 'nick': None, 'mute': False, 'joined_at': '2025-07-09T15:06:06.075000+00:00', 'flags': 0, 'deaf': False, 'communication_disabled_until': None, 'banner': None, 'avatar': None}, 'id': '1393987115175378944', 'flags': 0, 'embeds': [], 'edited_timestamp': None, 'content': '!points', 'components': [], 'channel_type': 0, 'channel_id': '1392522207770578976', 'author': {'username': 'dustopolis1984', 'public_flags': 0, 'primary_guild': None, 'id': '755479058007195769', 'global_name': 'nobody fw me', 'display_name_styles': None, 'discriminator': '0', 'collectibles': None, 'clan': None, 'avatar_decoration_data': None, 'avatar': '392b9417e560b203dbb6b5978ae0a8c7'}, 'attachments': [], 'guild_id': '1392522207011405945'}}
[2025-07-13 12:07:07] [DEBUG   ] discord.client: Dispatching event socket_event_type
[2025-07-13 12:07:07] [DEBUG   ] discord.client: Dispatching event message
[2025-07-13 12:07:07] [DEBUG   ] discord.client: Dispatching event command
[2025-07-13 12:07:07] [DEBUG   ] discord.gateway: For Shard ID None: WebSocket Event: {'t': 'MESSAGE_CREATE', 's': 13, 'op': 0, 'd': {'type': 0, 'tts': False, 'timestamp': '2025-07-13T16:07:07.499000+00:00', 'pinned': False, 'nonce': '12025498148202168130', 'mentions': [], 'mention_roles': [], 'mention_everyone': False, 'member': {'roles': ['1392522545697263680'], 'premium_since': None, 'pending': False, 'nick': None, 'mute': False, 'joined_at': '2025-07-09T15:07:26.802000+00:00', 'flags': 0, 'deaf': False, 'communication_disabled_until': None, 'banner': None, 'avatar': None}, 'id': '1393987116068765737', 'flags': 0, 'embeds': [], 'edited_timestamp': None, 'content': "**dustopolis1984's Social Credit Rating**\nSocial Credit Score: **11**\nStatus: **Worthless**", 'components': [], 'channel_type': 0, 'channel_id': '1392522207770578976', 'author': {'username': '社会信用观察员', 'public_flags': 0, 'primary_guild': None, 'id': '1392519844561424595', 'global_name': None, 'display_name_styles': None, 'discriminator': '1943', 'collectibles': None, 'clan': None, 'bot': True, 'avatar_decoration_data': None, 'avatar': '4d81406773c75aef5d81092f3f665558'}, 'attachments': [], 'guild_id': '1392522207011405945'}}
[2025-07-13 12:07:07] [DEBUG   ] discord.client: Dispatching event socket_event_type
[2025-07-13 12:07:07] [DEBUG   ] discord.client: Dispatching event message
[2025-07-13 12:07:07] [DEBUG   ] discord.http: POST https://discord.com/api/v10/channels/1392522207770578976/messages with {"content":"**dustopolis1984's Social Credit Rating**\nSocial Credit Score: **11**\nStatus: **Worthless**\n","components":[],"nonce":"12025498148202168130","enforce_nonce":true,"tts":false} has returned 200
[2025-07-13 12:07:07] [DEBUG   ] discord.http: POST https://discord.com/api/v10/channels/1392522207770578976/messages has received {'type': 0, 'content': "**dustopolis1984's Social Credit Rating**\nSocial Credit Score: **11**\nStatus: **Worthless**", 'mentions': [], 'mention_roles': [], 'attachments': [], 'embeds': [], 'timestamp': '2025-07-13T16:07:07.499000+00:00', 'edited_timestamp': None, 'flags': 0, 'components': [], 'id': '1393987116068765737', 'channel_id': '1392522207770578976', 'author': {'id': '1392519844561424595', 'username': '社会信用观察员', 'avatar': '4d81406773c75aef5d81092f3f665558', 'discriminator': '1943', 'public_flags': 0, 'flags': 0, 'bot': True, 'banner': 'd47717993e2f16717c8aec1149af5ba9', 'accent_color': None, 'global_name': None, 'avatar_decoration_data': None, 'collectibles': None, 'display_name_styles': None, 'banner_color': None, 'clan': None, 'primary_guild': None}, 'pinned': False, 'mention_everyone': False, 'tts': False, 'nonce': '12025498148202168130'}
[2025-07-13 12:07:07] [DEBUG   ] discord.client: Dispatching event command_completion
[2025-07-13 12:07:07] [ERROR   ] discord.client: Ignoring exception in on_message
Traceback (most recent call last):
  File "C:\Users\dlb48\Desktop\discord_bot1\.venv\Lib\site-packages\discord\client.py", line 481, in _run_event
    await coro(*args, **kwargs)
  File "C:\Users\dlb48\Desktop\discord_bot1\main.py", line 121, in on_message
    @bot.command(name="leaderboard")
     ~~~~~~~~~~~^^^^^^^^^^^^^^^^^^^^
  File "C:\Users\dlb48\Desktop\discord_bot1\.venv\Lib\site-packages\discord\ext\commands\core.py", line 1521, in decorator
    self.add_command(result)
    ~~~~~~~~~~~~~~~~^^^^^^^^
  File "C:\Users\dlb48\Desktop\discord_bot1\.venv\Lib\site-packages\discord\ext\commands\bot.py", line 253, in add_command
    super().add_command(command)
    ~~~~~~~~~~~~~~~~~~~^^^^^^^^^
  File "C:\Users\dlb48\Desktop\discord_bot1\.venv\Lib\site-packages\discord\ext\commands\core.py", line 1356, in add_command
    raise CommandRegistrationError(command.name)
discord.ext.commands.errors.CommandRegistrationError: The command leaderboard is already an existing command or alias.
